2025-08-11 14:20:08 [INFO] 源文件目录:D:\华为云盘\学习笔记
2025-08-11 14:20:08 [INFO] 目标目录:D:\华为云盘\学习笔记
2025-08-11 14:20:08 [INFO] 相同的文件有48个
2025-08-11 14:20:08 [INFO] 需要拷贝的文件有0个
2025-08-11 14:20:08 [INFO] 没有需要复制的文件
2025-08-11 14:20:08 [INFO] 开始监控: D:\华为云盘\学习笔记（按 Ctrl+C 停止）
2025-08-11 14:20:45 [INFO] 文件修改: D:\华为云盘\学习笔记\Linux.md
2025-08-11 14:20:45 [INFO] 相同的文件有48个
2025-08-11 14:20:45 [INFO] 需要拷贝的文件有0个
2025-08-11 14:20:45 [INFO] 没有需要复制的文件
2025-08-11 14:23:09 [INFO] 用户终止监控
2025-08-11 14:23:10 [INFO] 源文件目录:D:\华为云盘\学习笔记
2025-08-11 14:23:10 [INFO] 目标目录:D:\华为云盘\学习笔记
2025-08-11 14:23:10 [INFO] 相同的文件有48个
2025-08-11 14:23:10 [INFO] 需要拷贝的文件有0个
2025-08-11 14:23:10 [INFO] 没有需要复制的文件
2025-08-11 14:23:10 [INFO] 开始监控: D:\华为云盘\学习笔记（按 Ctrl+C 停止）
2025-08-11 14:23:18 [INFO] 文件修改: D:\华为云盘\学习笔记\Linux.md
2025-08-11 14:23:18 [INFO] 相同的文件有48个
2025-08-11 14:23:18 [INFO] 需要拷贝的文件有0个
2025-08-11 14:23:18 [INFO] 没有需要复制的文件
2025-08-11 14:24:02 [INFO] 用户终止监控
2025-08-11 14:24:03 [INFO] 源文件目录:D:\华为云盘\学习笔记
2025-08-11 14:24:03 [INFO] 目标目录:D:\华为云盘\学习笔记
2025-08-11 14:24:03 [INFO] 相同的文件有48个
2025-08-11 14:24:03 [INFO] 需要拷贝的文件有0个
2025-08-11 14:24:03 [INFO] 没有需要复制的文件
2025-08-11 14:24:03 [INFO] 开始监控: D:\华为云盘\学习笔记（按 Ctrl+C 停止）
2025-08-11 14:24:10 [INFO] 文件修改: D:\华为云盘\学习笔记\Linux.md
2025-08-11 14:24:10 [INFO] 相同的文件有48个
2025-08-11 14:24:10 [INFO] 需要拷贝的文件有0个
2025-08-11 14:24:10 [INFO] 没有需要复制的文件
2025-08-11 14:27:42 [INFO] 用户终止监控
2025-08-11 14:27:43 [INFO] 源文件目录:D:\华为云盘\学习笔记
2025-08-11 14:27:43 [INFO] 目标目录:D:\华为云盘\学习笔记
2025-08-11 14:27:43 [INFO] 相同的文件有48个
2025-08-11 14:27:43 [INFO] 需要拷贝的文件有0个
2025-08-11 14:27:43 [INFO] 没有需要复制的文件
2025-08-11 14:27:43 [INFO] 开始监控: D:\华为云盘\学习笔记（按 Ctrl+C 停止）
2025-08-11 14:27:52 [INFO] 文件修改: D:\华为云盘\学习笔记\Linux.md
2025-08-11 14:27:52 [INFO] 相同的文件有48个
2025-08-11 14:27:52 [INFO] 需要拷贝的文件有0个
2025-08-11 14:27:52 [INFO] 没有需要复制的文件
2025-08-11 14:28:38 [INFO] 用户终止监控
2025-08-11 14:28:39 [INFO] 源文件目录:D:\华为云盘\学习笔记
2025-08-11 14:28:39 [INFO] 目标目录:D:\华为云盘\学习笔记
2025-08-11 14:28:39 [INFO] 相同的文件有48个
2025-08-11 14:28:39 [INFO] 需要拷贝的文件有0个
2025-08-11 14:28:39 [INFO] 没有需要复制的文件
2025-08-11 14:28:39 [INFO] 开始监控: D:\华为云盘\学习笔记（按 Ctrl+C 停止）
2025-08-11 14:28:41 [INFO] 文件修改: D:\华为云盘\学习笔记\Linux.md
2025-08-11 14:28:41 [INFO] 相同的文件有48个
2025-08-11 14:28:41 [INFO] 需要拷贝的文件有0个
2025-08-11 14:28:41 [INFO] 没有需要复制的文件
2025-08-11 14:29:34 [INFO] 用户终止监控
2025-08-11 14:29:35 [INFO] 源文件目录:D:\华为云盘\学习笔记
2025-08-11 14:29:35 [INFO] 目标目录:D:\华为云盘\学习笔记
2025-08-11 14:29:35 [INFO] 相同的文件有48个
2025-08-11 14:29:35 [INFO] 需要拷贝的文件有0个
2025-08-11 14:29:35 [INFO] 没有需要复制的文件
2025-08-11 14:29:35 [INFO] 开始监控: D:\华为云盘\学习笔记（按 Ctrl+C 停止）
2025-08-11 14:29:37 [INFO] 文件修改: D:\华为云盘\学习笔记\Linux.md
2025-08-11 14:29:37 [INFO] 相同的文件有48个
2025-08-11 14:29:37 [INFO] 需要拷贝的文件有0个
2025-08-11 14:29:37 [INFO] 没有需要复制的文件
2025-08-11 14:30:09 [INFO] 用户终止监控
2025-08-11 14:30:10 [INFO] 源文件目录:D:\华为云盘\学习笔记
2025-08-11 14:30:10 [INFO] 目标目录:D:\华为云盘\学习笔记
2025-08-11 14:30:10 [INFO] 相同的文件有48个
2025-08-11 14:30:10 [INFO] 需要拷贝的文件有0个
2025-08-11 14:30:10 [INFO] 没有需要复制的文件
2025-08-11 14:30:10 [INFO] 开始监控: D:\华为云盘\学习笔记（按 Ctrl+C 停止）
2025-08-11 14:30:22 [INFO] 用户终止监控
2025-08-11 14:30:23 [INFO] 源文件目录:D:\华为云盘\学习笔记
2025-08-11 14:30:23 [INFO] 目标目录:D:\华为云盘\学习笔记
2025-08-11 14:30:23 [INFO] 相同的文件有48个
2025-08-11 14:30:23 [INFO] 需要拷贝的文件有0个
2025-08-11 14:30:23 [INFO] 没有需要复制的文件
2025-08-11 14:30:23 [INFO] 开始监控: D:\华为云盘\学习笔记（按 Ctrl+C 停止）
2025-08-11 14:30:25 [INFO] 文件修改: D:\华为云盘\学习笔记\Linux.md
2025-08-11 14:30:25 [INFO] 相同的文件有48个
2025-08-11 14:30:25 [INFO] 需要拷贝的文件有0个
2025-08-11 14:30:25 [INFO] 没有需要复制的文件
2025-08-11 14:32:06 [INFO] 用户终止监控
2025-08-11 14:32:07 [INFO] 源文件目录:D:\华为云盘\学习笔记
2025-08-11 14:32:07 [INFO] 目标目录:D:\华为云盘\学习笔记
2025-08-11 14:32:07 [INFO] 相同的文件有48个
2025-08-11 14:32:07 [INFO] 需要拷贝的文件有0个
2025-08-11 14:32:07 [INFO] 没有需要复制的文件
2025-08-11 14:32:07 [INFO] 开始监控: D:\华为云盘\学习笔记（按 Ctrl+C 停止）
2025-08-11 14:32:30 [INFO] 用户终止监控
2025-08-11 14:32:31 [INFO] 源文件目录:D:\华为云盘\学习笔记
2025-08-11 14:32:31 [INFO] 目标目录:D:\华为云盘\学习笔记
2025-08-11 14:32:31 [INFO] 相同的文件有48个
2025-08-11 14:32:31 [INFO] 需要拷贝的文件有0个
2025-08-11 14:32:31 [INFO] 没有需要复制的文件
2025-08-11 14:32:31 [INFO] 开始监控: D:\华为云盘\学习笔记（按 Ctrl+C 停止）
2025-08-11 14:32:51 [INFO] 用户终止监控
2025-08-11 14:32:52 [INFO] 源文件目录:D:\华为云盘\学习笔记
2025-08-11 14:32:52 [INFO] 目标目录:D:\华为云盘\学习笔记
2025-08-11 14:32:52 [INFO] 相同的文件有48个
2025-08-11 14:32:52 [INFO] 需要拷贝的文件有0个
2025-08-11 14:32:52 [INFO] 没有需要复制的文件
2025-08-11 14:32:52 [INFO] 开始监控: D:\华为云盘\学习笔记（按 Ctrl+C 停止）
2025-08-11 14:32:59 [INFO] 用户终止监控
2025-08-11 14:33:00 [INFO] 源文件目录:D:\华为云盘\学习笔记
2025-08-11 14:33:00 [INFO] 目标目录:D:\华为云盘\学习笔记
2025-08-11 14:33:00 [INFO] 相同的文件有48个
2025-08-11 14:33:00 [INFO] 需要拷贝的文件有0个
2025-08-11 14:33:00 [INFO] 没有需要复制的文件
2025-08-11 14:33:00 [INFO] 开始监控: D:\华为云盘\学习笔记（按 Ctrl+C 停止）
2025-08-11 14:33:46 [INFO] 用户终止监控
2025-08-11 14:33:47 [INFO] 源文件目录:D:\华为云盘\学习笔记
2025-08-11 14:33:47 [INFO] 目标目录:D:\华为云盘\学习笔记
2025-08-11 14:33:47 [INFO] 相同的文件有48个
2025-08-11 14:33:47 [INFO] 需要拷贝的文件有0个
2025-08-11 14:33:47 [INFO] 没有需要复制的文件
2025-08-11 14:33:47 [INFO] 开始监控: D:\华为云盘\学习笔记（按 Ctrl+C 停止）
2025-08-11 14:34:05 [INFO] 用户终止监控
2025-08-11 14:34:06 [INFO] 源文件目录:D:\华为云盘\学习笔记
2025-08-11 14:34:06 [INFO] 目标目录:D:\华为云盘\学习笔记
2025-08-11 14:34:06 [INFO] 相同的文件有48个
2025-08-11 14:34:06 [INFO] 需要拷贝的文件有0个
2025-08-11 14:34:06 [INFO] 没有需要复制的文件
2025-08-11 14:34:06 [INFO] 开始监控: D:\华为云盘\学习笔记（按 Ctrl+C 停止）
2025-08-11 14:34:20 [INFO] 用户终止监控
2025-08-11 14:34:21 [INFO] 源文件目录:D:\华为云盘\学习笔记
2025-08-11 14:34:21 [INFO] 目标目录:D:\华为云盘\学习笔记
2025-08-11 14:34:21 [INFO] 相同的文件有48个
2025-08-11 14:34:21 [INFO] 需要拷贝的文件有0个
2025-08-11 14:34:21 [INFO] 没有需要复制的文件
2025-08-11 14:34:21 [INFO] 开始监控: D:\华为云盘\学习笔记（按 Ctrl+C 停止）
2025-08-11 14:34:38 [INFO] 用户终止监控
2025-08-11 14:45:12 [INFO] 源文件目录:D:\华为云盘\学习笔记
2025-08-11 14:45:12 [INFO] 目标目录:D:\华为云盘\学习笔记
2025-08-11 14:45:12 [INFO] 相同的文件有47个
2025-08-11 14:45:12 [INFO] 需要拷贝的文件有0个
2025-08-11 14:45:12 [INFO] 没有需要复制的文件
2025-08-11 14:45:12 [INFO] 开始监控: D:\华为云盘\学习笔记（按 Ctrl+C 停止）
2025-08-11 14:45:22 [INFO] 文件修改: D:\华为云盘\学习笔记\Linux.md
2025-08-11 14:45:22 [INFO] 相同的文件有47个
2025-08-11 14:45:22 [INFO] 需要拷贝的文件有0个
2025-08-11 14:45:22 [INFO] 没有需要复制的文件
2025-08-11 14:45:35 [INFO] 文件修改: D:\华为云盘\学习笔记\Linux.md
2025-08-11 14:45:35 [INFO] 相同的文件有47个
2025-08-11 14:45:35 [INFO] 需要拷贝的文件有0个
2025-08-11 14:45:35 [INFO] 没有需要复制的文件
2025-08-11 14:45:44 [INFO] 文件修改: D:\华为云盘\学习笔记\Linux.md
2025-08-11 14:45:44 [INFO] 相同的文件有47个
2025-08-11 14:45:44 [INFO] 需要拷贝的文件有0个
2025-08-11 14:45:44 [INFO] 没有需要复制的文件
2025-08-11 14:46:36 [INFO] 用户终止监控
2025-08-11 14:46:37 [INFO] 源文件目录:D:\华为云盘\学习笔记
2025-08-11 14:46:37 [INFO] 目标目录:D:\华为云盘\学习笔记
2025-08-11 14:46:37 [INFO] 相同的文件有47个
2025-08-11 14:46:37 [INFO] 需要拷贝的文件有0个
2025-08-11 14:46:37 [INFO] 没有需要复制的文件
2025-08-11 14:46:37 [INFO] 开始监控: D:\华为云盘\学习笔记（按 Ctrl+C 停止）
2025-08-11 14:46:58 [INFO] 用户终止监控
2025-08-11 14:46:59 [INFO] 源文件目录:D:\华为云盘\学习笔记
2025-08-11 14:46:59 [INFO] 目标目录:D:\华为云盘\学习笔记
2025-08-11 14:46:59 [INFO] 相同的文件有47个
2025-08-11 14:46:59 [INFO] 需要拷贝的文件有0个
2025-08-11 14:46:59 [INFO] 没有需要复制的文件
2025-08-11 14:46:59 [INFO] 开始监控: D:\华为云盘\学习笔记（按 Ctrl+C 停止）
2025-08-11 14:47:17 [INFO] 用户终止监控
2025-08-11 14:47:18 [INFO] 源文件目录:D:\华为云盘\学习笔记
2025-08-11 14:47:18 [INFO] 目标目录:D:\华为云盘\学习笔记
2025-08-11 14:47:18 [INFO] 相同的文件有47个
2025-08-11 14:47:18 [INFO] 需要拷贝的文件有0个
2025-08-11 14:47:18 [INFO] 没有需要复制的文件
2025-08-11 14:47:18 [INFO] 开始监控: D:\华为云盘\学习笔记（按 Ctrl+C 停止）
2025-08-11 14:47:34 [INFO] 用户终止监控
2025-08-11 14:47:35 [INFO] 源文件目录:D:\华为云盘\学习笔记
2025-08-11 14:47:35 [INFO] 目标目录:D:\华为云盘\学习笔记
2025-08-11 14:47:35 [INFO] 相同的文件有47个
2025-08-11 14:47:35 [INFO] 需要拷贝的文件有0个
2025-08-11 14:47:35 [INFO] 没有需要复制的文件
2025-08-11 14:47:35 [INFO] 开始监控: D:\华为云盘\学习笔记（按 Ctrl+C 停止）
2025-08-11 14:47:39 [INFO] 文件修改: D:\华为云盘\学习笔记\Linux.md
2025-08-11 14:47:39 [INFO] 相同的文件有47个
2025-08-11 14:47:39 [INFO] 需要拷贝的文件有0个
2025-08-11 14:47:39 [INFO] 没有需要复制的文件
2025-08-11 14:47:48 [INFO] 文件修改: D:\华为云盘\学习笔记\Linux.md
2025-08-11 14:47:48 [INFO] 相同的文件有47个
2025-08-11 14:47:48 [INFO] 需要拷贝的文件有0个
2025-08-11 14:47:48 [INFO] 没有需要复制的文件
2025-08-11 14:47:51 [INFO] 文件修改: D:\华为云盘\学习笔记\Linux.md
2025-08-11 14:47:51 [INFO] 相同的文件有47个
2025-08-11 14:47:51 [INFO] 需要拷贝的文件有0个
2025-08-11 14:47:51 [INFO] 没有需要复制的文件
2025-08-11 14:47:58 [INFO] 文件修改: D:\华为云盘\学习笔记\Linux.md
2025-08-11 14:47:58 [INFO] 相同的文件有47个
2025-08-11 14:47:58 [INFO] 需要拷贝的文件有0个
2025-08-11 14:47:58 [INFO] 没有需要复制的文件
2025-08-11 14:47:59 [INFO] 文件修改: D:\华为云盘\学习笔记\Linux.md
2025-08-11 14:47:59 [INFO] 相同的文件有47个
2025-08-11 14:47:59 [INFO] 需要拷贝的文件有0个
2025-08-11 14:47:59 [INFO] 没有需要复制的文件
2025-08-11 14:48:01 [INFO] 文件修改: D:\华为云盘\学习笔记\Linux.md
2025-08-11 14:48:01 [INFO] 相同的文件有47个
2025-08-11 14:48:01 [INFO] 需要拷贝的文件有0个
2025-08-11 14:48:01 [INFO] 没有需要复制的文件
2025-08-11 14:48:01 [INFO] 文件修改: D:\华为云盘\学习笔记\Linux.md
2025-08-11 14:48:02 [INFO] 相同的文件有47个
2025-08-11 14:48:02 [INFO] 需要拷贝的文件有0个
2025-08-11 14:48:02 [INFO] 没有需要复制的文件
2025-08-11 14:48:03 [INFO] 文件修改: D:\华为云盘\学习笔记\Linux.md
2025-08-11 14:48:03 [INFO] 相同的文件有47个
2025-08-11 14:48:03 [INFO] 需要拷贝的文件有0个
2025-08-11 14:48:03 [INFO] 没有需要复制的文件
2025-08-11 14:48:47 [INFO] 文件修改: D:\华为云盘\学习笔记\搭建md文档网站.md
2025-08-11 14:48:47 [INFO] 相同的文件有47个
2025-08-11 14:48:47 [INFO] 需要拷贝的文件有0个
2025-08-11 14:48:47 [INFO] 没有需要复制的文件
2025-08-11 14:51:54 [INFO] 文件修改: D:\华为云盘\学习笔记\111.md
2025-08-11 14:51:54 [INFO] 相同的文件有47个
2025-08-11 14:51:54 [INFO] 需要拷贝的文件有0个
2025-08-11 14:51:54 [INFO] 没有需要复制的文件
2025-08-11 14:52:44 [INFO] 文件修改: D:\华为云盘\学习笔记\111.md
2025-08-11 14:52:44 [INFO] 相同的文件有47个
2025-08-11 14:52:44 [INFO] 需要拷贝的文件有0个
2025-08-11 14:52:44 [INFO] 没有需要复制的文件
2025-08-11 14:52:45 [INFO] 文件修改: D:\华为云盘\学习笔记\111.md
2025-08-11 14:52:45 [INFO] 相同的文件有47个
2025-08-11 14:52:45 [INFO] 需要拷贝的文件有0个
2025-08-11 14:52:45 [INFO] 没有需要复制的文件
2025-08-11 14:52:47 [INFO] 文件修改: D:\华为云盘\学习笔记\111.md
2025-08-11 14:52:47 [INFO] 相同的文件有47个
2025-08-11 14:52:47 [INFO] 需要拷贝的文件有0个
2025-08-11 14:52:47 [INFO] 没有需要复制的文件
2025-08-11 14:52:49 [INFO] 文件修改: D:\华为云盘\学习笔记\111.md
2025-08-11 14:52:50 [INFO] 相同的文件有47个
2025-08-11 14:52:50 [INFO] 需要拷贝的文件有0个
2025-08-11 14:52:50 [INFO] 没有需要复制的文件
2025-08-11 14:52:52 [INFO] 用户终止监控
2025-08-11 14:52:53 [INFO] 源文件目录:D:\华为云盘\学习笔记
2025-08-11 14:52:53 [INFO] 目标目录:D:\华为云盘\学习笔记
2025-08-11 14:52:53 [INFO] 相同的文件有47个
2025-08-11 14:52:53 [INFO] 需要拷贝的文件有0个
2025-08-11 14:52:53 [INFO] 没有需要复制的文件
2025-08-11 14:52:53 [INFO] 开始监控: D:\华为云盘\学习笔记（按 Ctrl+C 停止）
2025-08-11 14:52:59 [INFO] 文件修改: D:\华为云盘\学习笔记\111.md
2025-08-11 14:52:59 [INFO] 相同的文件有47个
2025-08-11 14:52:59 [INFO] 需要拷贝的文件有0个
2025-08-11 14:52:59 [INFO] 没有需要复制的文件
2025-08-11 14:53:18 [INFO] 文件修改: D:\华为云盘\学习笔记\111.md
2025-08-11 14:53:18 [INFO] 相同的文件有47个
2025-08-11 14:53:18 [INFO] 需要拷贝的文件有0个
2025-08-11 14:53:18 [INFO] 没有需要复制的文件
2025-08-11 14:56:13 [INFO] 用户终止监控
2025-08-11 14:56:14 [INFO] 源文件目录:D:\华为云盘\学习笔记
2025-08-11 14:56:14 [INFO] 目标目录:D:\华为云盘\学习笔记
2025-08-11 14:56:14 [INFO] 相同的文件有47个
2025-08-11 14:56:14 [INFO] 需要拷贝的文件有0个
2025-08-11 14:56:14 [INFO] 没有需要复制的文件
2025-08-11 14:56:14 [INFO] 开始监控: D:\华为云盘\学习笔记（按 Ctrl+C 停止）
2025-08-11 14:56:19 [INFO] 文件修改: D:\华为云盘\学习笔记\111.md
2025-08-11 14:56:19 [INFO] 相同的文件有47个
2025-08-11 14:56:19 [INFO] 需要拷贝的文件有0个
2025-08-11 14:56:19 [INFO] 没有需要复制的文件
2025-08-11 15:01:30 [INFO] 用户终止监控
2025-08-11 15:01:30 [INFO] 源文件目录:D:\华为云盘\学习笔记
2025-08-11 15:01:30 [INFO] 目标目录:D:\华为云盘\学习笔记
2025-08-11 15:01:35 [INFO] 源文件目录:D:\华为云盘\学习笔记
2025-08-11 15:01:35 [INFO] 目标目录:D:\华为云盘\学习笔记
2025-08-11 15:01:35 [INFO] 相同的文件有47个
2025-08-11 15:01:35 [INFO] 需要拷贝的文件有0个
2025-08-11 15:01:35 [INFO] 没有需要复制的文件
2025-08-11 15:01:35 [INFO] 开始监控: D:\华为云盘\学习笔记（按 Ctrl+C 停止）
2025-08-11 15:01:41 [INFO] 用户终止监控
2025-08-11 15:01:42 [INFO] 源文件目录:D:\华为云盘\学习笔记
2025-08-11 15:01:42 [INFO] 目标目录:D:\华为云盘\学习笔记
2025-08-11 15:01:42 [INFO] 相同的文件有47个
2025-08-11 15:01:42 [INFO] 需要拷贝的文件有0个
2025-08-11 15:01:42 [INFO] 没有需要复制的文件
2025-08-11 15:01:42 [INFO] 开始监控: D:\华为云盘\学习笔记（按 Ctrl+C 停止）
2025-08-11 15:01:52 [INFO] 文件修改: D:\华为云盘\学习笔记\111.md
2025-08-11 15:01:52 [INFO] 相同的文件有47个
2025-08-11 15:01:52 [INFO] 需要拷贝的文件有0个
2025-08-11 15:01:52 [INFO] 没有需要复制的文件
2025-08-11 15:02:51 [INFO] 用户终止监控
2025-08-11 15:02:52 [INFO] 源文件目录:D:\华为云盘\学习笔记
2025-08-11 15:02:52 [INFO] 目标目录:D:\华为云盘\学习笔记
2025-08-11 15:02:52 [INFO] 相同的文件有47个
2025-08-11 15:02:52 [INFO] 需要拷贝的文件有0个
2025-08-11 15:02:52 [INFO] 没有需要复制的文件
2025-08-11 15:02:52 [INFO] 开始监控: D:\华为云盘\学习笔记（按 Ctrl+C 停止）
2025-08-11 15:03:19 [INFO] 文件修改: D:\华为云盘\学习笔记\111.md
2025-08-11 15:03:19 [INFO] 相同的文件有47个
2025-08-11 15:03:19 [INFO] 需要拷贝的文件有0个
2025-08-11 15:03:19 [INFO] 没有需要复制的文件
2025-08-11 15:05:23 [INFO] 用户终止监控
2025-08-11 15:05:24 [INFO] 源文件目录:D:\华为云盘\学习笔记
2025-08-11 15:05:24 [INFO] 目标目录:D:\华为云盘\学习笔记
2025-08-11 15:05:24 [INFO] 相同的文件有47个
2025-08-11 15:05:24 [INFO] 需要拷贝的文件有0个
2025-08-11 15:05:24 [INFO] 没有需要复制的文件
2025-08-11 15:05:24 [INFO] 需要同步的文件:[{'name': 'el-tree增加滚动条.md', 'path': 'D:\\华为云盘\\学习笔记\\el-tree增加滚动条.md', 'size': 252, 'modified_time': 1729677763.4168525, 'created_time': 1751460727.8679214, 'is_dir': False, 'extension': '.md', 'md5': 'b914de1e0042148fcf3260055b2e0f98'}, {'name': 'Excel导出.md', 'path': 'D:\\华为云盘\\学习笔记\\Excel导出.md', 'size': 14729, 'modified_time': 1754303338.457286, 'created_time': 1751460727.8742054, 'is_dir': False, 'extension': '.md', 'md5': '0841fa6442ea4c34c76d29e68d2519aa'}, {'name': 'json格式的数据返回.md', 'path': 'D:\\华为云盘\\学习笔记\\json格式的数据返回.md', 'size': 2674, 'modified_time': 1754890773.066185, 'created_time': 1751460727.878683, 'is_dir': False, 'extension': '.md', 'md5': '45fcd837e268445058644b2579f87c7a'}, {'name': 'Linux.md', 'path': 'D:\\华为云盘\\学习笔记\\Linux.md', 'size': 14794, 'modified_time': 1754894883.7918072, 'created_time': 1751460727.8831947, 'is_dir': False, 'extension': '.md', 'md5': '71ae6f5dfef0b5eed8cf983011d13114'}, {'name': 'nginx部署.md', 'path': 'D:\\华为云盘\\学习笔记\\nginx部署.md', 'size': 4141, 'modified_time': 1751772292.8883007, 'created_time': 1751460727.8875527, 'is_dir': False, 'extension': '.md', 'md5': '9489f37bc1570762b3294cf322d9816d'}, {'name': 'RabbitMq.md', 'path': 'D:\\华为云盘\\学习笔记\\RabbitMq.md', 'size': 15441, 'modified_time': 1751374807.1907167, 'created_time': 1751460727.8915539, 'is_dir': False, 'extension': '.md', 'md5': '6542cca37858fc7bf75014230f0a78bc'}, {'name': 'redis.md', 'path': 'D:\\华为云盘\\学习笔记\\redis.md', 'size': 1074, 'modified_time': 1751639617.6121497, 'created_time': 1751460727.8960466, 'is_dir': False, 'extension': '.md', 'md5': 'ef429e8df16970082dfd97c278966ee7'}, {'name': 'Typora图床.md', 'path': 'D:\\华为云盘\\学习笔记\\Typora图床.md', 'size': 733, 'modified_time': 1731381705.5747044, 'created_time': 1751460727.9005213, 'is_dir': False, 'extension': '.md', 'md5': 'ab48042f73d32427c8f7309d92abb2b0'}, {'name': 'Vue3路由跳转.md', 'path': 'D:\\华为云盘\\学习笔记\\Vue3路由跳转.md', 'size': 416, 'modified_time': 1742204927.402535, 'created_time': 1751460727.9040594, 'is_dir': False, 'extension': '.md', 'md5': '76fc9f37dc4070b0e19c0f859c980302'}, {'name': '笔记.md', 'path': 'D:\\华为云盘\\学习笔记\\笔记.md', 'size': 13565, 'modified_time': 1754557132.008504, 'created_time': 1751460727.908893, 'is_dir': False, 'extension': '.md', 'md5': '520e21375df88d5743a72cd471b50515'}, {'name': '部署外部环境.md', 'path': 'D:\\华为云盘\\学习笔记\\部署外部环境.md', 'size': 442, 'modified_time': 1733880161.1336224, 'created_time': 1751460727.9132652, 'is_dir': False, 'extension': '.md', 'md5': '3ad015d1bd9490c8d9159cb950878fd6'}, {'name': '常用布局名称.md', 'path': 'D:\\华为云盘\\学习笔记\\常用布局名称.md', 'size': 591, 'modified_time': 1740671169.8112469, 'created_time': 1751460727.917457, 'is_dir': False, 'extension': '.md', 'md5': '0d18eaaa27f676e99a2da0936aaeed79'}, {'name': '代码提交规范.md', 'path': 'D:\\华为云盘\\学习笔记\\代码提交规范.md', 'size': 316, 'modified_time': 1735630819.6792054, 'created_time': 1751460727.9217353, 'is_dir': False, 'extension': '.md', 'md5': '87e3b6ba52f70e61a2f0b245a3225724'}, {'name': '定时任务.md', 'path': 'D:\\华为云盘\\学习笔记\\定时任务.md', 'size': 8179, 'modified_time': 1753080439.5760615, 'created_time': 1751460727.9269102, 'is_dir': False, 'extension': '.md', 'md5': '03086973e6806b171be18e64eb84d1e7'}, {'name': '分布式.md', 'path': 'D:\\华为云盘\\学习笔记\\分布式.md', 'size': 29538, 'modified_time': 1751708779.1637154, 'created_time': 1751460727.930191, 'is_dir': False, 'extension': '.md', 'md5': 'f3fc607e06bef7e14233a445ea4d2db9'}, {'name': '分页.md', 'path': 'D:\\华为云盘\\学习笔记\\分页.md', 'size': 985, 'modified_time': 1734084079.2688055, 'created_time': 1751460727.935512, 'is_dir': False, 'extension': '.md', 'md5': 'f1baa566fca1be62d0b4245ce6dccd87'}, {'name': '公司前端Axios.md', 'path': 'D:\\华为云盘\\学习笔记\\公司前端Axios.md', 'size': 967, 'modified_time': 1735115907.8044467, 'created_time': 1751460727.9390507, 'is_dir': False, 'extension': '.md', 'md5': 'f2117cee6855cd4ad4664aa5cfe204d1'}, {'name': '公司前端框架.md', 'path': 'D:\\华为云盘\\学习笔记\\公司前端框架.md', 'size': 2845, 'modified_time': 1736826136.2223477, 'created_time': 1751460727.9431584, 'is_dir': False, 'extension': '.md', 'md5': '41b936a877af8b6781896c73e52a56a9'}, {'name': '后端部署服务器.md', 'path': 'D:\\华为云盘\\学习笔记\\后端部署服务器.md', 'size': 1546, 'modified_time': 1733885388.90551, 'created_time': 1751460727.9478736, 'is_dir': False, 'extension': '.md', 'md5': '522444e5b63cf15d6e39a7ee1f5e4725'}, {'name': '集合排序.md', 'path': 'D:\\华为云盘\\学习笔记\\集合排序.md', 'size': 889, 'modified_time': 1729669275.5695784, 'created_time': 1751460727.9523878, 'is_dir': False, 'extension': '.md', 'md5': 'ce7c291c87019001e2d52e1aedbfb8d0'}, {'name': '幂等性.md', 'path': 'D:\\华为云盘\\学习笔记\\幂等性.md', 'size': 4760, 'modified_time': 1751207968.6681619, 'created_time': 1751460727.9631183, 'is_dir': False, 'extension': '.md', 'md5': '028fca23571b643217e8e10713415e43'}, {'name': '目录、图表字体大小、会员功能。.md', 'path': 'D:\\华为云盘\\学习笔记\\目录、图表字体大小、会员功能。.md', 'size': 45, 'modified_time': 1745910358.3164444, 'created_time': 1751460727.9675293, 'is_dir': False, 'extension': '.md', 'md5': '8e6eeb8a3512e50e0dc2c311d19530ec'}, {'name': '前端.md', 'path': 'D:\\华为云盘\\学习笔记\\前端.md', 'size': 1259, 'modified_time': 1743261417.1066203, 'created_time': 1751460727.973089, 'is_dir': False, 'extension': '.md', 'md5': 'd07f45025a5a7739587e126bb3adde60'}, {'name': '算法.md', 'path': 'D:\\华为云盘\\学习笔记\\算法.md', 'size': 445, 'modified_time': 1734364162.7360835, 'created_time': 1751460727.9771419, 'is_dir': False, 'extension': '.md', 'md5': '32b17a4e4c589526a621e97569fd387e'}, {'name': '111.md', 'path': 'D:\\华为云盘\\学习笔记\\111.md', 'size': 7451, 'modified_time': 1754895799.5064907, 'created_time': 1751460727.9820368, 'is_dir': False, 'extension': '.md', 'md5': '9f95f3ecba3412c92abcb4ac92644658'}, {'name': 'docker desktop挂载切换.md', 'path': 'D:\\华为云盘\\学习笔记\\docker desktop挂载切换.md', 'size': 1019, 'modified_time': 1731394454.192611, 'created_time': 1751460727.987744, 'is_dir': False, 'extension': '.md', 'md5': 'e8e55bd055309f46689fd193d0b4c3be'}, {'name': 'Docker.md', 'path': 'D:\\华为云盘\\学习笔记\\Docker.md', 'size': 5259, 'modified_time': 1751379588.8149614, 'created_time': 1751460727.9917686, 'is_dir': False, 'extension': '.md', 'md5': 'de834535b4992a8a89e111a235d5a0ff'}, {'name': 'docker-desktop.md', 'path': 'D:\\华为云盘\\学习笔记\\docker-desktop.md', 'size': 1178, 'modified_time': 1736693678.2908466, 'created_time': 1751460727.9969642, 'is_dir': False, 'extension': '.md', 'md5': 'c5a3d3d38fc0d890162c33fd69f9f634'}, {'name': 'Docker搭建Minio容器.md', 'path': 'D:\\华为云盘\\学习笔记\\Docker搭建Minio容器.md', 'size': 961, 'modified_time': 1741184472.4487226, 'created_time': 1751460728.001479, 'is_dir': False, 'extension': '.md', 'md5': '42f38c64e33b448f999b9ace71e41c70'}, {'name': 'docker搭建mysql.md', 'path': 'D:\\华为云盘\\学习笔记\\docker搭建mysql.md', 'size': 1193, 'modified_time': 1741184660.6069696, 'created_time': 1751460728.005633, 'is_dir': False, 'extension': '.md', 'md5': '17c5c681d36141c91752ef9b5b30fd99'}, {'name': 'docker数据库.md', 'path': 'D:\\华为云盘\\学习笔记\\docker数据库.md', 'size': 92, 'modified_time': 1731379978.0849044, 'created_time': 1751460728.010137, 'is_dir': False, 'extension': '.md', 'md5': '19a3f524bab5e67c19214238afb78ae9'}, {'name': 'ElasticSearch.md', 'path': 'D:\\华为云盘\\学习笔记\\ElasticSearch.md', 'size': 3190, 'modified_time': 1751891591.654638, 'created_time': 1751460728.0154092, 'is_dir': False, 'extension': '.md', 'md5': 'e641877c8d1764225639c965960d6d12'}, {'name': '性能监控与压力测试.md', 'path': 'D:\\华为云盘\\学习笔记\\性能监控与压力测试.md', 'size': 748, 'modified_time': 1751541558.619752, 'created_time': 1751532146.1250403, 'is_dir': False, 'extension': '.md', 'md5': '9d295b6f962eaa945ee1fc0a7efdbb1e'}, {'name': '缓存.md', 'path': 'D:\\华为云盘\\学习笔记\\缓存.md', 'size': 8393, 'modified_time': 1751813363.1246397, 'created_time': 1751554131.2653687, 'is_dir': False, 'extension': '.md', 'md5': 'cec199ebc8d2d25d96d2448725c72d53'}, {'name': '锁.md', 'path': 'D:\\华为云盘\\学习笔记\\锁.md', 'size': 26548, 'modified_time': 1754623748.9869, 'created_time': 1751615026.9792938, 'is_dir': False, 'extension': '.md', 'md5': 'dd04b1552c9d31bb0d09a4a2bfb7944f'}, {'name': '多线程.md', 'path': 'D:\\华为云盘\\学习笔记\\多线程.md', 'size': 6585, 'modified_time': 1754623066.8144617, 'created_time': 1751966044.6206431, 'is_dir': False, 'extension': '.md', 'md5': '18197132f5d38a9e1d73b768d92eb3f5'}, {'name': '异步编排.md', 'path': 'D:\\华为云盘\\学习笔记\\异步编排.md', 'size': 1879, 'modified_time': 1753081670.7722774, 'created_time': 1751982288.0478406, 'is_dir': False, 'extension': '.md', 'md5': '4e66c55b1205700aa8fd73032537301e'}, {'name': '秒杀业务.md', 'path': 'D:\\华为云盘\\学习笔记\\秒杀业务.md', 'size': 8959, 'modified_time': 1752059240.7527647, 'created_time': 1752058194.41826, 'is_dir': False, 'extension': '.md', 'md5': '93ecdc4242416452f36b5494bdb2fe56'}, {'name': '认证.md', 'path': 'D:\\华为云盘\\学习笔记\\认证.md', 'size': 40937, 'modified_time': 1753093838.617782, 'created_time': 1752064467.398221, 'is_dir': False, 'extension': '.md', 'md5': 'faf2c9e27f66d1a050b686b1a974fdf8'}, {'name': '加密算法.md', 'path': 'D:\\华为云盘\\学习笔记\\加密算法.md', 'size': 3256, 'modified_time': 1752066024.5558703, 'created_time': 1752064558.8841293, 'is_dir': False, 'extension': '.md', 'md5': 'a43cc8f10398891cf421ee9746668280'}, {'name': 'Untitled.md', 'path': 'D:\\华为云盘\\学习笔记\\Untitled.md', 'size': 46, 'modified_time': 1753434263.5796268, 'created_time': 1752143885.5769155, 'is_dir': False, 'extension': '.md', 'md5': '7565d9593269eea489a57ba1da80cd51'}, {'name': 'HTTP&HTTPS.md', 'path': 'D:\\华为云盘\\学习笔记\\HTTP&HTTPS.md', 'size': 5537, 'modified_time': 1752663705.8791013, 'created_time': 1752567715.3716316, 'is_dir': False, 'extension': '.md', 'md5': '1c2e737beef20c61fa9e767a94dc5ef1'}, {'name': '实时数据推送.md', 'path': 'D:\\华为云盘\\学习笔记\\实时数据推送.md', 'size': 1474, 'modified_time': 1752669126.801289, 'created_time': 1752663691.8899076, 'is_dir': False, 'extension': '.md', 'md5': 'bed19c978fda9811b48a2781ec4bc640'}, {'name': '服务部署.md', 'path': 'D:\\华为云盘\\学习笔记\\服务部署.md', 'size': 0, 'modified_time': 1752738506.4882162, 'created_time': 1752736526.3141434, 'is_dir': False, 'extension': '.md', 'md5': 'd41d8cd98f00b204e9800998ecf8427e'}, {'name': '审批流程业务.md', 'path': 'D:\\华为云盘\\学习笔记\\审批流程业务.md', 'size': 7921, 'modified_time': 1754286985.523934, 'created_time': 1754044195.51271, 'is_dir': False, 'extension': '.md', 'md5': 'afaddb0f79e310b9928f761799910117'}, {'name': '公司资料.md', 'path': 'D:\\华为云盘\\学习笔记\\公司资料.md', 'size': 140, 'modified_time': 1754546149.0645194, 'created_time': 1754545940.2568014, 'is_dir': False, 'extension': '.md', 'md5': '4743d387a300ed3e808e3431b0b0b35a'}, {'name': '搭建md文档网站.md', 'path': 'D:\\华为云盘\\学习笔记\\搭建md文档网站.md', 'size': 98, 'modified_time': 1754894927.371364, 'created_time': 1754644311.8006842, 'is_dir': False, 'extension': '.md', 'md5': '60ac80a0436c73e58343b962302c02d1'}]
2025-08-11 15:05:24 [INFO] 开始监控: D:\华为云盘\学习笔记（按 Ctrl+C 停止）
2025-08-11 15:05:40 [INFO] 文件修改: D:\华为云盘\学习笔记\111.md
2025-08-11 15:05:40 [INFO] 相同的文件有47个
2025-08-11 15:05:40 [INFO] 需要拷贝的文件有0个
2025-08-11 15:05:40 [INFO] 没有需要复制的文件
2025-08-11 15:05:57 [INFO] 用户终止监控
2025-08-11 15:05:58 [INFO] 源文件目录:D:\华为云盘\学习笔记
2025-08-11 15:05:58 [INFO] 目标目录:D:\华为云盘\学习笔记
2025-08-11 15:05:58 [INFO] 相同的文件有47个
2025-08-11 15:05:58 [INFO] 需要拷贝的文件有0个
2025-08-11 15:05:58 [INFO] 没有需要复制的文件
2025-08-11 15:05:58 [INFO] 开始监控: D:\华为云盘\学习笔记（按 Ctrl+C 停止）
2025-08-11 15:06:08 [INFO] 用户终止监控
2025-08-11 15:06:09 [INFO] 源文件目录:D:\华为云盘\学习笔记
2025-08-11 15:06:09 [INFO] 目标目录:D:\华为云盘\学习笔记
2025-08-11 15:06:09 [INFO] 相同的文件有47个
2025-08-11 15:06:09 [INFO] 需要拷贝的文件有0个
2025-08-11 15:06:09 [INFO] 没有需要复制的文件
2025-08-11 15:06:09 [INFO] 开始监控: D:\华为云盘\学习笔记（按 Ctrl+C 停止）
2025-08-11 15:06:32 [INFO] 用户终止监控
2025-08-11 15:06:33 [INFO] 源文件目录:D:\华为云盘\学习笔记
2025-08-11 15:06:33 [INFO] 目标目录:D:\华为云盘\学习笔记
2025-08-11 15:06:33 [INFO] 相同的文件有47个
2025-08-11 15:06:33 [INFO] 需要拷贝的文件有0个
2025-08-11 15:06:33 [INFO] 没有需要复制的文件
2025-08-11 15:06:33 [INFO] 开始监控: D:\华为云盘\学习笔记（按 Ctrl+C 停止）
2025-08-11 15:08:39 [INFO] 用户终止监控
2025-08-11 15:08:40 [INFO] 源文件目录:D:\华为云盘\学习笔记
2025-08-11 15:08:40 [INFO] 目标目录:D:\华为云盘\学习笔记
2025-08-11 15:08:40 [INFO] 相同的文件有47个
2025-08-11 15:08:40 [INFO] 需要拷贝的文件有0个
2025-08-11 15:08:40 [INFO] 没有需要复制的文件
2025-08-11 15:08:40 [INFO] 开始监控: D:\华为云盘\学习笔记（按 Ctrl+C 停止）
2025-08-11 15:08:46 [INFO] 文件修改: D:\华为云盘\学习笔记\111.md
2025-08-11 15:08:46 [INFO] 相同的文件有47个
2025-08-11 15:08:46 [INFO] 需要拷贝的文件有0个
2025-08-11 15:08:46 [INFO] 没有需要复制的文件
2025-08-11 15:09:21 [INFO] 用户终止监控
2025-08-11 15:09:22 [INFO] 源文件目录:D:\华为云盘\学习笔记
2025-08-11 15:09:22 [INFO] 目标目录:D:\华为云盘\学习笔记
2025-08-11 15:09:22 [INFO] 相同的文件有47个
2025-08-11 15:09:22 [INFO] 需要拷贝的文件有0个
2025-08-11 15:09:22 [INFO] 没有需要复制的文件
2025-08-11 15:09:22 [INFO] 开始监控: D:\华为云盘\学习笔记（按 Ctrl+C 停止）
2025-08-11 15:09:41 [INFO] 用户终止监控
2025-08-11 15:09:42 [INFO] 源文件目录:F:\pythonProject2\src
2025-08-11 15:09:42 [INFO] 目标目录:D:\华为云盘\学习笔记,F:\123
2025-08-11 15:12:22 [INFO] 源文件目录:D:\华为云盘\学习笔记
2025-08-11 15:12:22 [INFO] 目标目录:D:\华为云盘\学习笔记
2025-08-11 15:12:23 [INFO] 相同的文件有47个
2025-08-11 15:12:23 [INFO] 需要拷贝的文件有0个
2025-08-11 15:12:23 [INFO] 没有需要复制的文件
2025-08-11 15:12:23 [INFO] 开始监控: D:\华为云盘\学习笔记（按 Ctrl+C 停止）
2025-08-11 15:13:13 [INFO] 用户终止监控
2025-08-11 15:13:14 [INFO] 源文件目录:F:\pythonProject2\src
2025-08-11 15:13:14 [INFO] 目标目录:D:\华为云盘\学习笔记
2025-08-11 15:13:14 [INFO] 相同的文件有0个
2025-08-11 15:13:14 [INFO] 需要拷贝的文件有3个
2025-08-11 15:13:14 [INFO] 成功复制:main.py
2025-08-11 15:13:14 [INFO] 成功复制:util.copy_util
2025-08-11 15:13:14 [INFO] 成功复制:__init__.py
2025-08-11 15:13:14 [INFO] 成功复制 3/3 个文件
2025-08-11 15:13:14 [INFO] 需要同步的文件:[{'name': 'main.py', 'path': 'F:\\pythonProject2\\src\\main.py', 'size': 2591, 'modified_time': 1754896393.2384186, 'created_time': 1754649260.6884282, 'is_dir': False, 'extension': '.py', 'md5': '83086f9dea7b6316b1a1c36f82663587'}, {'name': 'util.copy_util', 'path': 'F:\\pythonProject2\\src\\util.copy_util', 'size': 0, 'modified_time': 1754824472.5055747, 'created_time': 1754824472.5055747, 'is_dir': False, 'extension': '.copy_util', 'md5': 'd41d8cd98f00b204e9800998ecf8427e'}, {'name': '__init__.py', 'path': 'F:\\pythonProject2\\src\\__init__.py', 'size': 32, 'modified_time': 1754826429.7425387, 'created_time': 1754826428.7463274, 'is_dir': False, 'extension': '.py', 'md5': '6217c268ce254f302b891ea9cb20b206'}]
2025-08-11 15:13:14 [INFO] 开始监控: F:\pythonProject2\src（按 Ctrl+C 停止）
2025-08-11 15:14:35 [INFO] 用户终止监控
2025-08-11 15:14:35 [INFO] 源文件目录:F:\pythonProject2\src
2025-08-11 15:14:35 [INFO] 目标目录:D:\华为云盘\学习笔记
2025-08-11 15:14:35 [INFO] 相同的文件有0个
2025-08-11 15:14:35 [INFO] 需要拷贝的文件有3个
2025-08-11 15:14:35 [INFO] 成功复制:main.py
2025-08-11 15:14:35 [INFO] 成功复制:util.copy_util
2025-08-11 15:14:35 [INFO] 成功复制:__init__.py
2025-08-11 15:14:35 [INFO] 成功复制 3/3 个文件
2025-08-11 15:14:35 [INFO] 需要同步的文件:[{'name': 'main.py', 'path': 'F:\\pythonProject2\\src\\main.py', 'size': 2614, 'modified_time': 1754896475.173007, 'created_time': 1754649260.6884282, 'is_dir': False, 'extension': '.py', 'md5': 'a339489362c2673ac83679b9010b9a61'}, {'name': 'util.copy_util', 'path': 'F:\\pythonProject2\\src\\util.copy_util', 'size': 0, 'modified_time': 1754824472.5055747, 'created_time': 1754824472.5055747, 'is_dir': False, 'extension': '.copy_util', 'md5': 'd41d8cd98f00b204e9800998ecf8427e'}, {'name': '__init__.py', 'path': 'F:\\pythonProject2\\src\\__init__.py', 'size': 32, 'modified_time': 1754826429.7425387, 'created_time': 1754826428.7463274, 'is_dir': False, 'extension': '.py', 'md5': '6217c268ce254f302b891ea9cb20b206'}]
2025-08-11 15:14:35 [INFO] 开始监控: F:\pythonProject2\src（按 Ctrl+C 停止）
2025-08-11 15:14:57 [INFO] 用户终止监控
2025-08-11 15:14:58 [INFO] 源文件目录:F:\pythonProject2\src
2025-08-11 15:14:58 [INFO] 目标目录:D:\华为云盘\学习笔记
2025-08-11 15:14:58 [INFO] 相同的文件有2个
2025-08-11 15:14:58 [INFO] 需要拷贝的文件有1个
2025-08-11 15:14:58 [INFO] 成功复制:main.py
2025-08-11 15:14:58 [INFO] 成功复制 1/1 个文件
2025-08-11 15:14:58 [INFO] 需要同步的文件:[{'name': 'main.py', 'path': 'F:\\pythonProject2\\src\\main.py', 'size': 2646, 'modified_time': 1754896497.6166904, 'created_time': 1754649260.6884282, 'is_dir': False, 'extension': '.py', 'md5': 'd8f081f2dcacd0c41eaed012a546ba24'}]
2025-08-11 15:14:58 [INFO] 开始监控: F:\pythonProject2\src（按 Ctrl+C 停止）
2025-08-11 15:15:14 [INFO] 用户终止监控
2025-08-11 15:15:15 [INFO] 源文件目录:F:\pythonProject2\src
2025-08-11 15:15:15 [INFO] 目标目录:D:\华为云盘\学习笔记
2025-08-11 15:15:15 [INFO] 相同的文件有2个
2025-08-11 15:15:15 [INFO] 需要拷贝的文件有1个
2025-08-11 15:15:15 [INFO] 成功复制:main.py
2025-08-11 15:15:15 [INFO] 成功复制 1/1 个文件
2025-08-11 15:15:15 [INFO] 需要同步的文件:[{'name': 'main.py', 'path': 'F:\\pythonProject2\\src\\main.py', 'size': 2652, 'modified_time': 1754896514.6368, 'created_time': 1754649260.6884282, 'is_dir': False, 'extension': '.py', 'md5': '1a9dd346f6378cb7540f700993c35e10'}]
2025-08-11 15:15:15 [INFO] 开始监控: F:\pythonProject2\src（按 Ctrl+C 停止）
2025-08-11 15:16:00 [INFO] 文件修改: F:\pythonProject2\src\main.py~
2025-08-11 15:16:00 [INFO] 相同的文件有2个
2025-08-11 15:16:00 [INFO] 需要拷贝的文件有1个
2025-08-11 15:16:00 [INFO] 成功复制:main.py
2025-08-11 15:16:00 [INFO] 成功复制 1/1 个文件
2025-08-11 15:34:53 [INFO] 用户终止监控
